#-----------------------------------------------------------
# Webtalk v2019.1 (64-bit)
# SW Build 2552052 on Fri May 24 14:49:42 MDT 2019
# 
# Start of session at: Mon Jan  6 18:34:38 2025
# Process ID: 3848
# Current directory: D:/All/Software/ZZ-Hardware_Old/Sample_Code_Alghasi/Sample_project_QSPI_Upper256/Sample_project_QSPI_Upper256.sdk/webtalk
# Command line: wbtcv.exe -mode batch -source sdk_webtalk.tcl
# Log file: D:/All/Software/ZZ-Hardware_Old/Sample_Code_Alghasi/Sample_project_QSPI_Upper256/Sample_project_QSPI_Upper256.sdk/webtalk/webtalk.log
# Journal file: D:/All/Software/ZZ-Hardware_Old/Sample_Code_Alghasi/Sample_project_QSPI_Upper256/Sample_project_QSPI_Upper256.sdk/webtalk\webtalk.jou
#-----------------------------------------------------------
source sdk_webtalk.tcl
# webtalk_init -webtalk_dir D:\\All\\Software\\ZZ-Hardware_Old\\Sample_Code_Alghasi\\Sample_project_QSPI_Upper256\\Sample_project_QSPI_Upper256.sdk\\webtalk
# webtalk_register_client -client project
# webtalk_add_data -client project -key date_generated -value "2025-01-06 18:34:36" -context "software_version_and_target_device"
# webtalk_add_data -client project -key product_version -value "SDK v2019.1" -context "software_version_and_target_device"
# webtalk_add_data -client project -key build_version -value "2019.1" -context "software_version_and_target_device"
# webtalk_add_data -client project -key os_platform -value "amd64" -context "software_version_and_target_device"
# webtalk_add_data -client project -key registration_id -value "" -context "software_version_and_target_device"
# webtalk_add_data -client project -key tool_flow -value "SDK" -context "software_version_and_target_device"
# webtalk_add_data -client project -key beta -value "false" -context "software_version_and_target_device"
# webtalk_add_data -client project -key route_design -value "NA" -context "software_version_and_target_device"
# webtalk_add_data -client project -key target_family -value "NA" -context "software_version_and_target_device"
# webtalk_add_data -client project -key target_device -value "NA" -context "software_version_and_target_device"
# webtalk_add_data -client project -key target_package -value "NA" -context "software_version_and_target_device"
# webtalk_add_data -client project -key target_speed -value "NA" -context "software_version_and_target_device"
# webtalk_add_data -client project -key random_id -value "mme2psdf9clf8cd7p8sdk4d7up" -context "software_version_and_target_device"
# webtalk_add_data -client project -key project_id -value "2019.1_16" -context "software_version_and_target_device"
# webtalk_add_data -client project -key project_iteration -value "16" -context "software_version_and_target_device"
# webtalk_add_data -client project -key os_name -value "Microsoft Windows 8 or later , 64-bit" -context "user_environment"
# webtalk_add_data -client project -key os_release -value "major release  (build 9200)" -context "user_environment"
# webtalk_add_data -client project -key cpu_name -value "11th Gen Intel(R) Core(TM) i7-11800H @ 2.30GHz" -context "user_environment"
# webtalk_add_data -client project -key cpu_speed -value "2304 MHz" -context "user_environment"
# webtalk_add_data -client project -key total_processors -value "1" -context "user_environment"
# webtalk_add_data -client project -key system_ram -value "34.047 GB" -context "user_environment"
# webtalk_register_client -client sdk
# webtalk_add_data -client sdk -key uid -value "1736154453260" -context "sdk\\\\hardware/1736154453260"
# webtalk_add_data -client sdk -key isZynq -value "true" -context "sdk\\\\hardware/1736154453260"
# webtalk_add_data -client sdk -key isZynqMP -value "false" -context "sdk\\\\hardware/1736154453260"
# webtalk_add_data -client sdk -key Processors -value "2" -context "sdk\\\\hardware/1736154453260"
# webtalk_add_data -client sdk -key VivadoVersion -value "2019.1" -context "sdk\\\\hardware/1736154453260"
# webtalk_add_data -client sdk -key Arch -value "zynq" -context "sdk\\\\hardware/1736154453260"
# webtalk_add_data -client sdk -key Device -value "7z020" -context "sdk\\\\hardware/1736154453260"
# webtalk_add_data -client sdk -key IsHandoff -value "true" -context "sdk\\\\hardware/1736154453260"
# webtalk_add_data -client sdk -key os -value "NA" -context "sdk\\\\hardware/1736154453260"
# webtalk_add_data -client sdk -key apptemplate -value "NA" -context "sdk\\\\hardware/1736154453260"
# webtalk_add_data -client sdk -key RecordType -value "HWCreation" -context "sdk\\\\hardware/1736154453260"
# webtalk_add_data -client sdk -key uid -value "1736154522174" -context "sdk\\\\bsp/1736154522174"
# webtalk_add_data -client sdk -key hwid -value "1736154453260" -context "sdk\\\\bsp/1736154522174"
# webtalk_add_data -client sdk -key os -value "standalone" -context "sdk\\\\bsp/1736154522174"
# webtalk_add_data -client sdk -key apptemplate -value "hello_world" -context "sdk\\\\bsp/1736154522174"
# webtalk_add_data -client sdk -key RecordType -value "BSPCreation" -context "sdk\\\\bsp/1736154522174"
# webtalk_add_data -client sdk -key uid -value "1736154527775" -context "sdk\\\\application/1736154527775"
# webtalk_add_data -client sdk -key hwid -value "1736154453260" -context "sdk\\\\application/1736154527775"
# webtalk_add_data -client sdk -key bspid -value "1736154522174" -context "sdk\\\\application/1736154527775"
# webtalk_add_data -client sdk -key newbsp -value "true" -context "sdk\\\\application/1736154527775"
# webtalk_add_data -client sdk -key os -value "standalone" -context "sdk\\\\application/1736154527775"
# webtalk_add_data -client sdk -key apptemplate -value "hello_world" -context "sdk\\\\application/1736154527775"
# webtalk_add_data -client sdk -key RecordType -value "APPCreation" -context "sdk\\\\application/1736154527775"
# webtalk_add_data -client sdk -key LangUsed -value "C" -context "sdk\\\\application/1736154527775"
# webtalk_add_data -client sdk -key Procused -value "ps7_cortexa9" -context "sdk\\\\application/1736154527775"
# webtalk_add_data -client sdk -key projSize -value "325.40234375" -context "sdk\\\\application/1736154527775"
# webtalk_add_data -client sdk -key uid -value "NA" -context "sdk\\\\bsp/1736175875968"
# webtalk_add_data -client sdk -key RecordType -value "ToolUsage" -context "sdk\\\\bsp/1736175875968"
# webtalk_add_data -client sdk -key BootgenCount -value "0" -context "sdk\\\\bsp/1736175875968"
# webtalk_add_data -client sdk -key DebugCount -value "0" -context "sdk\\\\bsp/1736175875968"
# webtalk_add_data -client sdk -key PerfCount -value "0" -context "sdk\\\\bsp/1736175875968"
# webtalk_add_data -client sdk -key FlashCount -value "0" -context "sdk\\\\bsp/1736175875968"
# webtalk_add_data -client sdk -key CrossTriggCount -value "0" -context "sdk\\\\bsp/1736175875968"
# webtalk_add_data -client sdk -key QemuDebugCount -value "0" -context "sdk\\\\bsp/1736175875968"
# webtalk_transmit -clientid 1903852823 -regid "" -xml D:\\All\\Software\\ZZ-Hardware_Old\\Sample_Code_Alghasi\\Sample_project_QSPI_Upper256\\Sample_project_QSPI_Upper256.sdk\\webtalk\\usage_statistics_ext_sdk.xml -html D:\\All\\Software\\ZZ-Hardware_Old\\Sample_Code_Alghasi\\Sample_project_QSPI_Upper256\\Sample_project_QSPI_Upper256.sdk\\webtalk\\usage_statistics_ext_sdk.html -wdm D:\\All\\Software\\ZZ-Hardware_Old\\Sample_Code_Alghasi\\Sample_project_QSPI_Upper256\\Sample_project_QSPI_Upper256.sdk\\webtalk\\sdk_webtalk.wdm -intro "<H3>SDK Usage Report</H3><BR>"
# webtalk_terminate
INFO: [Common 17-206] Exiting Webtalk at Mon Jan  6 18:34:42 2025...
