#-----------------------------------------------------------
# Vivado v2019.1 (64-bit)
# SW Build 2552052 on Fri May 24 14:49:42 MDT 2019
# IP Build 2548770 on Fri May 24 18:01:18 MDT 2019
# Start of session at: Wed Jan  8 11:27:16 2025
# Process ID: 29368
# Current directory: D:/All/Software/ZZ-Hardware_Old/Sample_Code_Alghasi/Sample_project_QSPI_Upper256
# Command line: vivado.exe -gui_launcher_event rodinguilauncherevent14840 D:\All\Software\ZZ-Hardware_Old\Sample_Code_Alghasi\Sample_project_QSPI_Upper256\Sample_project_QSPI_Upper256.xpr
# Log file: D:/All/Software/ZZ-Hardware_Old/Sample_Code_Alghasi/Sample_project_QSPI_Upper256/vivado.log
# Journal file: D:/All/Software/ZZ-Hardware_Old/Sample_Code_Alghasi/Sample_project_QSPI_Upper256\vivado.jou
#-----------------------------------------------------------
start_gui
open_project D:/All/Software/ZZ-Hardware_Old/Sample_Code_Alghasi/Sample_project_QSPI_Upper256/Sample_project_QSPI_Upper256.xpr
Scanning sources...
Finished scanning sources
INFO: [IP_Flow 19-234] Refreshing IP repositories
INFO: [IP_Flow 19-1704] No user IP repositories specified
INFO: [IP_Flow 19-2313] Loaded Vivado IP repository 'C:/Xilinx/Vivado/2019.1/data/ip'.
open_project: Time (s): cpu = 00:00:16 ; elapsed = 00:00:08 . Memory (MB): peak = 849.555 ; gain = 160.648
launch_sdk -workspace D:/All/Software/ZZ-Hardware_Old/Sample_Code_Alghasi/Sample_project_QSPI_Upper256/Sample_project_QSPI_Upper256.sdk -hwspec D:/All/Software/ZZ-Hardware_Old/Sample_Code_Alghasi/Sample_project_QSPI_Upper256/Sample_project_QSPI_Upper256.sdk/hw_wrapper.hdf
INFO: [Vivado 12-393] Launching SDK...
INFO: [Vivado 12-417] Running xsdk -workspace D:/All/Software/ZZ-Hardware_Old/Sample_Code_Alghasi/Sample_project_QSPI_Upper256/Sample_project_QSPI_Upper256.sdk -hwspec D:/All/Software/ZZ-Hardware_Old/Sample_Code_Alghasi/Sample_project_QSPI_Upper256/Sample_project_QSPI_Upper256.sdk/hw_wrapper.hdf
INFO: [Vivado 12-3157] SDK launch initiated. Please check console for any further messages.
update_compile_order -fileset sources_1
exit
INFO: [Common 17-206] Exiting Vivado at Wed Jan  8 11:27:46 2025...
